Base path: C:/Program Files/Unity/Editor/Data
Cmd: initializeCompiler
Cmd: preprocess
  insize=1316 outsize=1761 ok=1
Cmd: preprocess
  insize=1534 outsize=799 ok=1
Cmd: preprocess
  insize=1513 outsize=1891 ok=1
Cmd: preprocess
  insize=1471 outsize=1944 ok=1
Cmd: preprocess
  insize=1341 outsize=1783 ok=1
Cmd: preprocess
  insize=1229 outsize=1367 ok=1
Cmd: preprocess
  insize=1820 outsize=2020 ok=1
Cmd: preprocess
  insize=1009 outsize=1641 ok=1
Cmd: preprocess
  insize=2648 outsize=865 ok=1
Cmd: preprocess
  insize=1522 outsize=3001 ok=1
Cmd: preprocess
  insize=2679 outsize=850 ok=1
Cmd: preprocess
  insize=1298 outsize=1077 ok=1
Cmd: preprocess
  insize=1271 outsize=1819 ok=1
Cmd: preprocess
  insize=2602 outsize=883 ok=1
Cmd: preprocess
  insize=2977 outsize=1443 ok=1
Cmd: preprocess
  insize=1154 outsize=1688 ok=1
Cmd: preprocess
  insize=1322 outsize=1891 ok=1
Cmd: preprocess
  insize=1482 outsize=1900 ok=1
Cmd: preprocess
  insize=9062 outsize=2051 ok=1
Cmd: preprocess
  insize=2770 outsize=886 ok=1
Cmd: preprocess
  insize=1281 outsize=1440 ok=1
Cmd: preprocess
  insize=1086 outsize=1322 ok=1
Cmd: preprocess
  insize=1321 outsize=900 ok=1
Cmd: preprocess
  insize=2071 outsize=788 ok=1
Cmd: preprocess
  insize=1429 outsize=1491 ok=1
Cmd: preprocess
  insize=1211 outsize=1768 ok=1
Cmd: preprocess
  insize=1131 outsize=1777 ok=1
Cmd: preprocess
  insize=1621 outsize=3008 ok=1
Cmd: preprocess
  insize=1660 outsize=1940 ok=1
Cmd: initializeCompiler
Cmd: initializeCompiler
Cmd: initializeCompiler
Cmd: initializeCompiler
Cmd: initializeCompiler
Cmd: initializeCompiler
Cmd: initializeCompiler
Cmd: initializeCompiler
Cmd: initializeCompiler
Cmd: initializeCompiler
Cmd: compileSnippet
  api=4 type=0 insize=20676 outsize=1598 kw=UNITY_PASS_FORWARDBASE DIRECTIONAL LIGHTPROBE_SH pd=UNITY_ENABLE_REFLECTION_BUFFERS UNITY_USE_DITHER_MASK_FOR_ALPHABLENDED_SHADOWS UNITY_PBS_USE_BRDF1 UNITY_SPECCUBE_BOX_PROJECTION UNITY_SPECCUBE_BLENDING UNITY_ENABLE_DETAIL_NORMALMAP SHADER_API_DESKTOP UNITY_COLORSPACE_GAMMA UNITY_LIGHT_PROBE_PROXY_VOLUME UNITY_LIGHTMAP_FULL_HDR ok=1
Cmd: compileSnippet
  api=4 type=1 insize=20676 outsize=6382 kw=UNITY_PASS_FORWARDBASE DIRECTIONAL LIGHTPROBE_SH pd=UNITY_ENABLE_REFLECTION_BUFFERS UNITY_USE_DITHER_MASK_FOR_ALPHABLENDED_SHADOWS UNITY_PBS_USE_BRDF1 UNITY_SPECCUBE_BOX_PROJECTION UNITY_SPECCUBE_BLENDING UNITY_ENABLE_DETAIL_NORMALMAP SHADER_API_DESKTOP UNITY_COLORSPACE_GAMMA UNITY_LIGHT_PROBE_PROXY_VOLUME UNITY_LIGHTMAP_FULL_HDR ok=1
Cmd: initializeCompiler
Cmd: initializeCompiler
Cmd: initializeCompiler
Cmd: initializeCompiler
Cmd: initializeCompiler
Cmd: initializeCompiler
Cmd: initializeCompiler
Cmd: initializeCompiler
Cmd: initializeCompiler
Cmd: preprocess
  insize=1534 outsize=799 ok=1
Cmd: preprocess
  insize=1820 outsize=2020 ok=1
Cmd: preprocess
  insize=1298 outsize=1077 ok=1
Cmd: preprocess
  insize=1321 outsize=900 ok=1
Cmd: initializeCompiler
Cmd: initializeCompiler
Cmd: initializeCompiler
Cmd: initializeCompiler
Cmd: initializeCompiler
